02-05-2023 13:17:47 :  [undefined]  : info : 
02-05-2023 13:17:52 :  [undefined]  : info : sucessful
02-05-2023 13:17:57 :  [undefined]  : info : sucessfully started the server
02-05-2023 13:18:13 :  [undefined]  : info : sucessfully started the server
02-05-2023 13:18:21 :  [undefined]  : info : sucessfully started the server
02-05-2023 13:18:25 :  [undefined]  : info : sucessfully started the server
02-05-2023 13:18:27 :  [undefined]  : info : sucessfully started the server
02-05-2023 13:18:31 :  [undefined]  : info : sucessfully started the server
02-05-2023 13:19:10 :  [undefined]  : info : sucessfully started the server
02-05-2023 13:19:16   : info : sucessfully started the server
02-05-2023 13:19:19   : info : sucessfully started the server
02-05-2023 14:37:01   : info : sucessfully started the server
02-05-2023 14:37:41   : info : sucessfully started the server
02-05-2023 14:43:04   : info : sucessfully started the server
02-05-2023 14:43:20   : error : sucessfully started the server
02-05-2023 14:43:46   : info : sucessfully started the server
02-05-2023 14:44:28   : info : What time is the testing at?
02-05-2023 14:44:53   : info : sucessfully started the server
02-05-2023 14:44:57   : info : sucessfully started the server
03-05-2023 15:50:13   : info : sucessfully started the server
03-05-2023 23:30:23   : info : sucessfully started the server
03-05-2023 23:30:26   : info : sucessfully started the server
03-05-2023 23:30:30   : info : sucessfully started the server
03-05-2023 23:44:11   : info : sucessfully started the server
03-05-2023 23:46:12   : info : sucessfully started the server
03-05-2023 23:46:29   : info : sucessfully started the server
03-05-2023 23:46:32   : info : sucessfully started the server
03-05-2023 23:46:36   : info : sucessfully started the server
03-05-2023 23:46:40   : info : sucessfully started the server
03-05-2023 23:46:43   : info : sucessfully started the server
03-05-2023 23:46:47   : info : sucessfully started the server
03-05-2023 23:46:49   : info : sucessfully started the server
03-05-2023 23:46:59   : info : sucessfully started the server
03-05-2023 23:47:03   : info : sucessfully started the server
03-05-2023 23:47:07   : info : sucessfully started the server
03-05-2023 23:47:18   : info : sucessfully started the server
03-05-2023 23:48:58   : info : sucessfully started the server
04-05-2023 00:52:29   : info : sucessfully started the server
04-05-2023 00:52:30   : info : sucessfully started the server
04-05-2023 00:53:03   : info : sucessfully started the server
04-05-2023 00:53:25   : info : sucessfully started the server
04-05-2023 00:53:46   : info : sucessfully started the server
04-05-2023 00:53:58   : info : sucessfully started the server
